

Microchip MPLAB XC8 Assembler V2.10 build 88905656 
                                                                                               Thu Mar 19 15:28:53 2020

Microchip MPLAB XC8 C Compiler v2.10 (Free license) build 20190730164152 Og1 
     1                           	processor	16F1708
     2                           	opt	pw 120
     3                           	opt	flic
     4                           	psect	cinit,global,class=CODE,merge=1,delta=2
     5                           	psect	cstackCOMMON,global,class=COMMON,space=1,delta=1
     6                           	psect	maintext,global,class=CODE,merge=1,split=1,delta=2
     7                           	psect	text1,local,class=CODE,merge=1,delta=2
     8                           	psect	text2,local,class=CODE,merge=1,delta=2
     9                           	psect	text3,local,class=CODE,merge=1,delta=2
    10                           	psect	text4,local,class=CODE,merge=1,delta=2
    11                           	dabs	1,0x7E,2
    12  0000                     
    13                           ; Version 2.10
    14                           ; Generated 31/07/2019 GMT
    15                           ; 
    16                           ; Copyright © 2019, Microchip Technology Inc. and its subsidiaries ("Microchip")
    17                           ; All rights reserved.
    18                           ; 
    19                           ; This software is developed by Microchip Technology Inc. and its subsidiaries ("Microch
      +                          ip").
    20                           ; 
    21                           ; Redistribution and use in source and binary forms, with or without modification, are
    22                           ; permitted provided that the following conditions are met:
    23                           ; 
    24                           ;     1. Redistributions of source code must retain the above copyright notice, this lis
      +                          t of
    25                           ;        conditions and the following disclaimer.
    26                           ; 
    27                           ;     2. Redistributions in binary form must reproduce the above copyright notice, this 
      +                          list
    28                           ;        of conditions and the following disclaimer in the documentation and/or other
    29                           ;        materials provided with the distribution.
    30                           ; 
    31                           ;     3. Microchip's name may not be used to endorse or promote products derived from th
      +                          is
    32                           ;        software without specific prior written permission.
    33                           ; 
    34                           ; THIS SOFTWARE IS PROVIDED BY MICROCHIP "AS IS" AND ANY EXPRESS OR IMPLIED WARRANTIES,
    35                           ; INCLUDING, BUT NOT LIMITED TO, THE IMPLIED WARRANTIES OF MERCHANTABILITY AND FITNESS F
      +                          OR
    36                           ; PURPOSE ARE DISCLAIMED.  IN NO EVENT SHALL MICROCHIP BE LIABLE FOR ANY DIRECT, INDIREC
      +                          T,
    37                           ; INCIDENTAL, SPECIAL, EXEMPLARY, OR CONSEQUENTIAL DAMAGES (INCLUDING BUT NOT LIMITED TO
    38                           ; PROCUREMENT OF SUBSTITUTE GOODS OR SERVICES; LOSS OF USE, DATA OR PROFITS; OR BUSINESS
    39                           ; INTERRUPTION) HOWSOEVER CAUSED AND ON ANY THEORY OF LIABILITY, WHETHER IN CONTRACT, ST
      +                          RICT
    40                           ; LIABILITY, OR TORT (INCLUDING NEGLIGENCE OR OTHERWISE) ARISING IN ANY WAY OUT OF THE U
      +                          SE OF
    41                           ; THIS SOFTWARE, EVEN IF ADVISED OF THE POSSIBILITY OF SUCH DAMAGE.
    42                           ; 
    43                           ; 
    44                           ; Code-generator required, PIC16F1708 Definitions
    45                           ; 
    46                           ; SFR Addresses
    47  0000                     	;# 
    48  0001                     	;# 
    49  0002                     	;# 
    50  0003                     	;# 
    51  0004                     	;# 
    52  0005                     	;# 
    53  0006                     	;# 
    54  0007                     	;# 
    55  0008                     	;# 
    56  0009                     	;# 
    57  000A                     	;# 
    58  000B                     	;# 
    59  000C                     	;# 
    60  000D                     	;# 
    61  000E                     	;# 
    62  0011                     	;# 
    63  0012                     	;# 
    64  0013                     	;# 
    65  0015                     	;# 
    66  0016                     	;# 
    67  0016                     	;# 
    68  0017                     	;# 
    69  0018                     	;# 
    70  0019                     	;# 
    71  001A                     	;# 
    72  001B                     	;# 
    73  001C                     	;# 
    74  008C                     	;# 
    75  008D                     	;# 
    76  008E                     	;# 
    77  0091                     	;# 
    78  0092                     	;# 
    79  0093                     	;# 
    80  0095                     	;# 
    81  0096                     	;# 
    82  0097                     	;# 
    83  0098                     	;# 
    84  0099                     	;# 
    85  009A                     	;# 
    86  009B                     	;# 
    87  009B                     	;# 
    88  009C                     	;# 
    89  009D                     	;# 
    90  009E                     	;# 
    91  009F                     	;# 
    92  010C                     	;# 
    93  010D                     	;# 
    94  010E                     	;# 
    95  0111                     	;# 
    96  0112                     	;# 
    97  0113                     	;# 
    98  0114                     	;# 
    99  0115                     	;# 
   100  0116                     	;# 
   101  0117                     	;# 
   102  0118                     	;# 
   103  0119                     	;# 
   104  011C                     	;# 
   105  018C                     	;# 
   106  018D                     	;# 
   107  018E                     	;# 
   108  0191                     	;# 
   109  0191                     	;# 
   110  0192                     	;# 
   111  0193                     	;# 
   112  0193                     	;# 
   113  0194                     	;# 
   114  0195                     	;# 
   115  0196                     	;# 
   116  0197                     	;# 
   117  0199                     	;# 
   118  0199                     	;# 
   119  0199                     	;# 
   120  019A                     	;# 
   121  019A                     	;# 
   122  019A                     	;# 
   123  019B                     	;# 
   124  019B                     	;# 
   125  019B                     	;# 
   126  019B                     	;# 
   127  019B                     	;# 
   128  019C                     	;# 
   129  019C                     	;# 
   130  019C                     	;# 
   131  019D                     	;# 
   132  019D                     	;# 
   133  019D                     	;# 
   134  019E                     	;# 
   135  019E                     	;# 
   136  019E                     	;# 
   137  019F                     	;# 
   138  019F                     	;# 
   139  019F                     	;# 
   140  019F                     	;# 
   141  019F                     	;# 
   142  020C                     	;# 
   143  020D                     	;# 
   144  020E                     	;# 
   145  0211                     	;# 
   146  0211                     	;# 
   147  0212                     	;# 
   148  0212                     	;# 
   149  0213                     	;# 
   150  0213                     	;# 
   151  0214                     	;# 
   152  0214                     	;# 
   153  0215                     	;# 
   154  0215                     	;# 
   155  0215                     	;# 
   156  0215                     	;# 
   157  0216                     	;# 
   158  0216                     	;# 
   159  0217                     	;# 
   160  0217                     	;# 
   161  028C                     	;# 
   162  028D                     	;# 
   163  028E                     	;# 
   164  0291                     	;# 
   165  0291                     	;# 
   166  0292                     	;# 
   167  0293                     	;# 
   168  0293                     	;# 
   169  0298                     	;# 
   170  0298                     	;# 
   171  0299                     	;# 
   172  029A                     	;# 
   173  029A                     	;# 
   174  029E                     	;# 
   175  030C                     	;# 
   176  030D                     	;# 
   177  030E                     	;# 
   178  038C                     	;# 
   179  038D                     	;# 
   180  038E                     	;# 
   181  0391                     	;# 
   182  0392                     	;# 
   183  0393                     	;# 
   184  0394                     	;# 
   185  0395                     	;# 
   186  0396                     	;# 
   187  0397                     	;# 
   188  0398                     	;# 
   189  0399                     	;# 
   190  0415                     	;# 
   191  0416                     	;# 
   192  0417                     	;# 
   193  041C                     	;# 
   194  041D                     	;# 
   195  041E                     	;# 
   196  0511                     	;# 
   197  0515                     	;# 
   198  0617                     	;# 
   199  0618                     	;# 
   200  0619                     	;# 
   201  0619                     	;# 
   202  061A                     	;# 
   203  061B                     	;# 
   204  061C                     	;# 
   205  061C                     	;# 
   206  0691                     	;# 
   207  0692                     	;# 
   208  0693                     	;# 
   209  0694                     	;# 
   210  0695                     	;# 
   211  0696                     	;# 
   212  0697                     	;# 
   213  0698                     	;# 
   214  0699                     	;# 
   215  069A                     	;# 
   216  069B                     	;# 
   217  069C                     	;# 
   218  069D                     	;# 
   219  069E                     	;# 
   220  069F                     	;# 
   221  0E0F                     	;# 
   222  0E10                     	;# 
   223  0E11                     	;# 
   224  0E12                     	;# 
   225  0E13                     	;# 
   226  0E14                     	;# 
   227  0E15                     	;# 
   228  0E17                     	;# 
   229  0E20                     	;# 
   230  0E21                     	;# 
   231  0E22                     	;# 
   232  0E24                     	;# 
   233  0E25                     	;# 
   234  0E28                     	;# 
   235  0E29                     	;# 
   236  0E2A                     	;# 
   237  0E2B                     	;# 
   238  0E90                     	;# 
   239  0E91                     	;# 
   240  0E92                     	;# 
   241  0E94                     	;# 
   242  0E95                     	;# 
   243  0E9C                     	;# 
   244  0E9D                     	;# 
   245  0E9E                     	;# 
   246  0E9F                     	;# 
   247  0EA0                     	;# 
   248  0EA1                     	;# 
   249  0EA2                     	;# 
   250  0EA3                     	;# 
   251  0EA4                     	;# 
   252  0EA5                     	;# 
   253  0EA6                     	;# 
   254  0EA7                     	;# 
   255  0F0F                     	;# 
   256  0F10                     	;# 
   257  0F11                     	;# 
   258  0F12                     	;# 
   259  0F13                     	;# 
   260  0F14                     	;# 
   261  0F15                     	;# 
   262  0F16                     	;# 
   263  0F17                     	;# 
   264  0F18                     	;# 
   265  0F19                     	;# 
   266  0F1A                     	;# 
   267  0F1B                     	;# 
   268  0F1C                     	;# 
   269  0F1D                     	;# 
   270  0F1E                     	;# 
   271  0F1F                     	;# 
   272  0F20                     	;# 
   273  0F21                     	;# 
   274  0F22                     	;# 
   275  0F23                     	;# 
   276  0F24                     	;# 
   277  0F25                     	;# 
   278  0F26                     	;# 
   279  0F27                     	;# 
   280  0F28                     	;# 
   281  0F29                     	;# 
   282  0F2A                     	;# 
   283  0F2B                     	;# 
   284  0F2C                     	;# 
   285  0F2D                     	;# 
   286  0FE4                     	;# 
   287  0FE5                     	;# 
   288  0FE6                     	;# 
   289  0FE7                     	;# 
   290  0FE8                     	;# 
   291  0FE9                     	;# 
   292  0FEA                     	;# 
   293  0FEB                     	;# 
   294  0FED                     	;# 
   295  0FEE                     	;# 
   296  0FEF                     	;# 
   297  0000                     	;# 
   298  0001                     	;# 
   299  0002                     	;# 
   300  0003                     	;# 
   301  0004                     	;# 
   302  0005                     	;# 
   303  0006                     	;# 
   304  0007                     	;# 
   305  0008                     	;# 
   306  0009                     	;# 
   307  000A                     	;# 
   308  000B                     	;# 
   309  000C                     	;# 
   310  000D                     	;# 
   311  000E                     	;# 
   312  0011                     	;# 
   313  0012                     	;# 
   314  0013                     	;# 
   315  0015                     	;# 
   316  0016                     	;# 
   317  0016                     	;# 
   318  0017                     	;# 
   319  0018                     	;# 
   320  0019                     	;# 
   321  001A                     	;# 
   322  001B                     	;# 
   323  001C                     	;# 
   324  008C                     	;# 
   325  008D                     	;# 
   326  008E                     	;# 
   327  0091                     	;# 
   328  0092                     	;# 
   329  0093                     	;# 
   330  0095                     	;# 
   331  0096                     	;# 
   332  0097                     	;# 
   333  0098                     	;# 
   334  0099                     	;# 
   335  009A                     	;# 
   336  009B                     	;# 
   337  009B                     	;# 
   338  009C                     	;# 
   339  009D                     	;# 
   340  009E                     	;# 
   341  009F                     	;# 
   342  010C                     	;# 
   343  010D                     	;# 
   344  010E                     	;# 
   345  0111                     	;# 
   346  0112                     	;# 
   347  0113                     	;# 
   348  0114                     	;# 
   349  0115                     	;# 
   350  0116                     	;# 
   351  0117                     	;# 
   352  0118                     	;# 
   353  0119                     	;# 
   354  011C                     	;# 
   355  018C                     	;# 
   356  018D                     	;# 
   357  018E                     	;# 
   358  0191                     	;# 
   359  0191                     	;# 
   360  0192                     	;# 
   361  0193                     	;# 
   362  0193                     	;# 
   363  0194                     	;# 
   364  0195                     	;# 
   365  0196                     	;# 
   366  0197                     	;# 
   367  0199                     	;# 
   368  0199                     	;# 
   369  0199                     	;# 
   370  019A                     	;# 
   371  019A                     	;# 
   372  019A                     	;# 
   373  019B                     	;# 
   374  019B                     	;# 
   375  019B                     	;# 
   376  019B                     	;# 
   377  019B                     	;# 
   378  019C                     	;# 
   379  019C                     	;# 
   380  019C                     	;# 
   381  019D                     	;# 
   382  019D                     	;# 
   383  019D                     	;# 
   384  019E                     	;# 
   385  019E                     	;# 
   386  019E                     	;# 
   387  019F                     	;# 
   388  019F                     	;# 
   389  019F                     	;# 
   390  019F                     	;# 
   391  019F                     	;# 
   392  020C                     	;# 
   393  020D                     	;# 
   394  020E                     	;# 
   395  0211                     	;# 
   396  0211                     	;# 
   397  0212                     	;# 
   398  0212                     	;# 
   399  0213                     	;# 
   400  0213                     	;# 
   401  0214                     	;# 
   402  0214                     	;# 
   403  0215                     	;# 
   404  0215                     	;# 
   405  0215                     	;# 
   406  0215                     	;# 
   407  0216                     	;# 
   408  0216                     	;# 
   409  0217                     	;# 
   410  0217                     	;# 
   411  028C                     	;# 
   412  028D                     	;# 
   413  028E                     	;# 
   414  0291                     	;# 
   415  0291                     	;# 
   416  0292                     	;# 
   417  0293                     	;# 
   418  0293                     	;# 
   419  0298                     	;# 
   420  0298                     	;# 
   421  0299                     	;# 
   422  029A                     	;# 
   423  029A                     	;# 
   424  029E                     	;# 
   425  030C                     	;# 
   426  030D                     	;# 
   427  030E                     	;# 
   428  038C                     	;# 
   429  038D                     	;# 
   430  038E                     	;# 
   431  0391                     	;# 
   432  0392                     	;# 
   433  0393                     	;# 
   434  0394                     	;# 
   435  0395                     	;# 
   436  0396                     	;# 
   437  0397                     	;# 
   438  0398                     	;# 
   439  0399                     	;# 
   440  0415                     	;# 
   441  0416                     	;# 
   442  0417                     	;# 
   443  041C                     	;# 
   444  041D                     	;# 
   445  041E                     	;# 
   446  0511                     	;# 
   447  0515                     	;# 
   448  0617                     	;# 
   449  0618                     	;# 
   450  0619                     	;# 
   451  0619                     	;# 
   452  061A                     	;# 
   453  061B                     	;# 
   454  061C                     	;# 
   455  061C                     	;# 
   456  0691                     	;# 
   457  0692                     	;# 
   458  0693                     	;# 
   459  0694                     	;# 
   460  0695                     	;# 
   461  0696                     	;# 
   462  0697                     	;# 
   463  0698                     	;# 
   464  0699                     	;# 
   465  069A                     	;# 
   466  069B                     	;# 
   467  069C                     	;# 
   468  069D                     	;# 
   469  069E                     	;# 
   470  069F                     	;# 
   471  0E0F                     	;# 
   472  0E10                     	;# 
   473  0E11                     	;# 
   474  0E12                     	;# 
   475  0E13                     	;# 
   476  0E14                     	;# 
   477  0E15                     	;# 
   478  0E17                     	;# 
   479  0E20                     	;# 
   480  0E21                     	;# 
   481  0E22                     	;# 
   482  0E24                     	;# 
   483  0E25                     	;# 
   484  0E28                     	;# 
   485  0E29                     	;# 
   486  0E2A                     	;# 
   487  0E2B                     	;# 
   488  0E90                     	;# 
   489  0E91                     	;# 
   490  0E92                     	;# 
   491  0E94                     	;# 
   492  0E95                     	;# 
   493  0E9C                     	;# 
   494  0E9D                     	;# 
   495  0E9E                     	;# 
   496  0E9F                     	;# 
   497  0EA0                     	;# 
   498  0EA1                     	;# 
   499  0EA2                     	;# 
   500  0EA3                     	;# 
   501  0EA4                     	;# 
   502  0EA5                     	;# 
   503  0EA6                     	;# 
   504  0EA7                     	;# 
   505  0F0F                     	;# 
   506  0F10                     	;# 
   507  0F11                     	;# 
   508  0F12                     	;# 
   509  0F13                     	;# 
   510  0F14                     	;# 
   511  0F15                     	;# 
   512  0F16                     	;# 
   513  0F17                     	;# 
   514  0F18                     	;# 
   515  0F19                     	;# 
   516  0F1A                     	;# 
   517  0F1B                     	;# 
   518  0F1C                     	;# 
   519  0F1D                     	;# 
   520  0F1E                     	;# 
   521  0F1F                     	;# 
   522  0F20                     	;# 
   523  0F21                     	;# 
   524  0F22                     	;# 
   525  0F23                     	;# 
   526  0F24                     	;# 
   527  0F25                     	;# 
   528  0F26                     	;# 
   529  0F27                     	;# 
   530  0F28                     	;# 
   531  0F29                     	;# 
   532  0F2A                     	;# 
   533  0F2B                     	;# 
   534  0F2C                     	;# 
   535  0F2D                     	;# 
   536  0FE4                     	;# 
   537  0FE5                     	;# 
   538  0FE6                     	;# 
   539  0FE7                     	;# 
   540  0FE8                     	;# 
   541  0FE9                     	;# 
   542  0FEA                     	;# 
   543  0FEB                     	;# 
   544  0FED                     	;# 
   545  0FEE                     	;# 
   546  0FEF                     	;# 
   547  0000                     	;# 
   548  0001                     	;# 
   549  0002                     	;# 
   550  0003                     	;# 
   551  0004                     	;# 
   552  0005                     	;# 
   553  0006                     	;# 
   554  0007                     	;# 
   555  0008                     	;# 
   556  0009                     	;# 
   557  000A                     	;# 
   558  000B                     	;# 
   559  000C                     	;# 
   560  000D                     	;# 
   561  000E                     	;# 
   562  0011                     	;# 
   563  0012                     	;# 
   564  0013                     	;# 
   565  0015                     	;# 
   566  0016                     	;# 
   567  0016                     	;# 
   568  0017                     	;# 
   569  0018                     	;# 
   570  0019                     	;# 
   571  001A                     	;# 
   572  001B                     	;# 
   573  001C                     	;# 
   574  008C                     	;# 
   575  008D                     	;# 
   576  008E                     	;# 
   577  0091                     	;# 
   578  0092                     	;# 
   579  0093                     	;# 
   580  0095                     	;# 
   581  0096                     	;# 
   582  0097                     	;# 
   583  0098                     	;# 
   584  0099                     	;# 
   585  009A                     	;# 
   586  009B                     	;# 
   587  009B                     	;# 
   588  009C                     	;# 
   589  009D                     	;# 
   590  009E                     	;# 
   591  009F                     	;# 
   592  010C                     	;# 
   593  010D                     	;# 
   594  010E                     	;# 
   595  0111                     	;# 
   596  0112                     	;# 
   597  0113                     	;# 
   598  0114                     	;# 
   599  0115                     	;# 
   600  0116                     	;# 
   601  0117                     	;# 
   602  0118                     	;# 
   603  0119                     	;# 
   604  011C                     	;# 
   605  018C                     	;# 
   606  018D                     	;# 
   607  018E                     	;# 
   608  0191                     	;# 
   609  0191                     	;# 
   610  0192                     	;# 
   611  0193                     	;# 
   612  0193                     	;# 
   613  0194                     	;# 
   614  0195                     	;# 
   615  0196                     	;# 
   616  0197                     	;# 
   617  0199                     	;# 
   618  0199                     	;# 
   619  0199                     	;# 
   620  019A                     	;# 
   621  019A                     	;# 
   622  019A                     	;# 
   623  019B                     	;# 
   624  019B                     	;# 
   625  019B                     	;# 
   626  019B                     	;# 
   627  019B                     	;# 
   628  019C                     	;# 
   629  019C                     	;# 
   630  019C                     	;# 
   631  019D                     	;# 
   632  019D                     	;# 
   633  019D                     	;# 
   634  019E                     	;# 
   635  019E                     	;# 
   636  019E                     	;# 
   637  019F                     	;# 
   638  019F                     	;# 
   639  019F                     	;# 
   640  019F                     	;# 
   641  019F                     	;# 
   642  020C                     	;# 
   643  020D                     	;# 
   644  020E                     	;# 
   645  0211                     	;# 
   646  0211                     	;# 
   647  0212                     	;# 
   648  0212                     	;# 
   649  0213                     	;# 
   650  0213                     	;# 
   651  0214                     	;# 
   652  0214                     	;# 
   653  0215                     	;# 
   654  0215                     	;# 
   655  0215                     	;# 
   656  0215                     	;# 
   657  0216                     	;# 
   658  0216                     	;# 
   659  0217                     	;# 
   660  0217                     	;# 
   661  028C                     	;# 
   662  028D                     	;# 
   663  028E                     	;# 
   664  0291                     	;# 
   665  0291                     	;# 
   666  0292                     	;# 
   667  0293                     	;# 
   668  0293                     	;# 
   669  0298                     	;# 
   670  0298                     	;# 
   671  0299                     	;# 
   672  029A                     	;# 
   673  029A                     	;# 
   674  029E                     	;# 
   675  030C                     	;# 
   676  030D                     	;# 
   677  030E                     	;# 
   678  038C                     	;# 
   679  038D                     	;# 
   680  038E                     	;# 
   681  0391                     	;# 
   682  0392                     	;# 
   683  0393                     	;# 
   684  0394                     	;# 
   685  0395                     	;# 
   686  0396                     	;# 
   687  0397                     	;# 
   688  0398                     	;# 
   689  0399                     	;# 
   690  0415                     	;# 
   691  0416                     	;# 
   692  0417                     	;# 
   693  041C                     	;# 
   694  041D                     	;# 
   695  041E                     	;# 
   696  0511                     	;# 
   697  0515                     	;# 
   698  0617                     	;# 
   699  0618                     	;# 
   700  0619                     	;# 
   701  0619                     	;# 
   702  061A                     	;# 
   703  061B                     	;# 
   704  061C                     	;# 
   705  061C                     	;# 
   706  0691                     	;# 
   707  0692                     	;# 
   708  0693                     	;# 
   709  0694                     	;# 
   710  0695                     	;# 
   711  0696                     	;# 
   712  0697                     	;# 
   713  0698                     	;# 
   714  0699                     	;# 
   715  069A                     	;# 
   716  069B                     	;# 
   717  069C                     	;# 
   718  069D                     	;# 
   719  069E                     	;# 
   720  069F                     	;# 
   721  0E0F                     	;# 
   722  0E10                     	;# 
   723  0E11                     	;# 
   724  0E12                     	;# 
   725  0E13                     	;# 
   726  0E14                     	;# 
   727  0E15                     	;# 
   728  0E17                     	;# 
   729  0E20                     	;# 
   730  0E21                     	;# 
   731  0E22                     	;# 
   732  0E24                     	;# 
   733  0E25                     	;# 
   734  0E28                     	;# 
   735  0E29                     	;# 
   736  0E2A                     	;# 
   737  0E2B                     	;# 
   738  0E90                     	;# 
   739  0E91                     	;# 
   740  0E92                     	;# 
   741  0E94                     	;# 
   742  0E95                     	;# 
   743  0E9C                     	;# 
   744  0E9D                     	;# 
   745  0E9E                     	;# 
   746  0E9F                     	;# 
   747  0EA0                     	;# 
   748  0EA1                     	;# 
   749  0EA2                     	;# 
   750  0EA3                     	;# 
   751  0EA4                     	;# 
   752  0EA5                     	;# 
   753  0EA6                     	;# 
   754  0EA7                     	;# 
   755  0F0F                     	;# 
   756  0F10                     	;# 
   757  0F11                     	;# 
   758  0F12                     	;# 
   759  0F13                     	;# 
   760  0F14                     	;# 
   761  0F15                     	;# 
   762  0F16                     	;# 
   763  0F17                     	;# 
   764  0F18                     	;# 
   765  0F19                     	;# 
   766  0F1A                     	;# 
   767  0F1B                     	;# 
   768  0F1C                     	;# 
   769  0F1D                     	;# 
   770  0F1E                     	;# 
   771  0F1F                     	;# 
   772  0F20                     	;# 
   773  0F21                     	;# 
   774  0F22                     	;# 
   775  0F23                     	;# 
   776  0F24                     	;# 
   777  0F25                     	;# 
   778  0F26                     	;# 
   779  0F27                     	;# 
   780  0F28                     	;# 
   781  0F29                     	;# 
   782  0F2A                     	;# 
   783  0F2B                     	;# 
   784  0F2C                     	;# 
   785  0F2D                     	;# 
   786  0FE4                     	;# 
   787  0FE5                     	;# 
   788  0FE6                     	;# 
   789  0FE7                     	;# 
   790  0FE8                     	;# 
   791  0FE9                     	;# 
   792  0FEA                     	;# 
   793  0FEB                     	;# 
   794  0FED                     	;# 
   795  0FEE                     	;# 
   796  0FEF                     	;# 
   797  0095                     _OPTION_REGbits	set	149
   798  008E                     _TRISC	set	142
   799  008D                     _TRISB	set	141
   800  008C                     _TRISA	set	140
   801  0097                     _WDTCON	set	151
   802  0098                     _OSCTUNE	set	152
   803  009A                     _OSCSTAT	set	154
   804  0099                     _OSCCON	set	153
   805  010E                     _LATC	set	270
   806  010D                     _LATB	set	269
   807  010C                     _LATA	set	268
   808  0116                     _BORCON	set	278
   809  010C                     _LATAbits	set	268
   810  018C                     _ANSELA	set	396
   811  018D                     _ANSELB	set	397
   812  018E                     _ANSELC	set	398
   813  020E                     _WPUC	set	526
   814  020C                     _WPUA	set	524
   815  020D                     _WPUB	set	525
   816  028E                     _ODCONC	set	654
   817  028D                     _ODCONB	set	653
   818  028C                     _ODCONA	set	652
   819  030E                     _SLRCONC	set	782
   820  030D                     _SLRCONB	set	781
   821  030C                     _SLRCONA	set	780
   822  038E                     _INLVLC	set	910
   823  038D                     _INLVLB	set	909
   824  038C                     _INLVLA	set	908
   825                           
   826                           ; #config settings
   827  0000                     
   828                           	psect	cinit
   829  07FD                     start_initialization:	
   830  07FD                     __initialization:	
   831  07FD                     end_of_initialization:	
   832                           ;End of C runtime variable initialization code
   833                           
   834  07FD                     __end_of__initialization:	
   835  07FD  0020               	movlb	0
   836  07FE  3187  2FB5         	ljmp	_main	;jump to C main() function
   837                           
   838                           	psect	cstackCOMMON
   839  0070                     __pcstackCOMMON:	
   840  0070                     ?_SYSTEM_Initialize:	
   841  0070                     ??_SYSTEM_Initialize:	
   842                           ; 1 bytes @ 0x0
   843                           
   844  0070                     ?_PIN_MANAGER_Initialize:	
   845                           ; 1 bytes @ 0x0
   846                           
   847  0070                     ??_PIN_MANAGER_Initialize:	
   848                           ; 1 bytes @ 0x0
   849                           
   850  0070                     ?_OSCILLATOR_Initialize:	
   851                           ; 1 bytes @ 0x0
   852                           
   853  0070                     ??_OSCILLATOR_Initialize:	
   854                           ; 1 bytes @ 0x0
   855                           
   856  0070                     ?_WDT_Initialize:	
   857                           ; 1 bytes @ 0x0
   858                           
   859  0070                     ??_WDT_Initialize:	
   860                           ; 1 bytes @ 0x0
   861                           
   862  0070                     ?_main:	
   863                           ; 1 bytes @ 0x0
   864                           
   865  0070                     ??_main:	
   866                           ; 1 bytes @ 0x0
   867                           
   868                           
   869                           ; 1 bytes @ 0x0
   870  0070                     	ds	2
   871                           
   872                           	psect	maintext
   873  07B5                     __pmaintext:	
   874 ;;
   875 ;;Main: autosize = 0, tempsize = 2, incstack = 0, save=0
   876 ;;
   877 ;; *************** function _main *****************
   878 ;; Defined at:
   879 ;;		line 49 in file "main.c"
   880 ;; Parameters:    Size  Location     Type
   881 ;;		None
   882 ;; Auto vars:     Size  Location     Type
   883 ;;		None
   884 ;; Return value:  Size  Location     Type
   885 ;;                  1    wreg      void 
   886 ;; Registers used:
   887 ;;		wreg, status,2, status,0, pclath, cstack
   888 ;; Tracked objects:
   889 ;;		On entry : B1F/0
   890 ;;		On exit  : 0/0
   891 ;;		Unchanged: 0/0
   892 ;; Data sizes:     COMMON   BANK0   BANK1   BANK2   BANK3   BANK4   BANK5   BANK6
   893 ;;      Params:         0       0       0       0       0       0       0       0
   894 ;;      Locals:         0       0       0       0       0       0       0       0
   895 ;;      Temps:          2       0       0       0       0       0       0       0
   896 ;;      Totals:         2       0       0       0       0       0       0       0
   897 ;;Total ram usage:        2 bytes
   898 ;; Hardware stack levels required when called:    2
   899 ;; This function calls:
   900 ;;		_SYSTEM_Initialize
   901 ;; This function is called by:
   902 ;;		Startup code after reset
   903 ;; This function uses a non-reentrant model
   904 ;;
   905                           
   906                           
   907                           ;psect for function _main
   908  07B5                     _main:	
   909  07B5                     l657:	
   910                           ;incstack = 0
   911                           ; Regs used in _main: [wreg+status,2+status,0+pclath+cstack]
   912                           
   913                           
   914                           ;main.c: 52:     SYSTEM_Initialize();
   915  07B5  3187  27AB  3187   	fcall	_SYSTEM_Initialize
   916  07B8                     l659:	
   917  07B8  1003               	clrc
   918  07B9  0022               	movlb	2	; select bank2
   919  07BA  1C0C               	btfss	12,0	;volatile
   920  07BB  1403               	setc
   921  07BC  1803               	btfsc	3,0
   922  07BD  2FBF               	goto	u11
   923  07BE  2FC2               	goto	u10
   924  07BF                     u11:	
   925  07BF  0022               	movlb	2	; select bank2
   926  07C0  140C               	bsf	12,0	;volatile
   927  07C1  2FC4               	goto	u24
   928  07C2                     u10:	
   929  07C2  0022               	movlb	2	; select bank2
   930  07C3  100C               	bcf	12,0	;volatile
   931  07C4                     u24:	
   932  07C4                     l661:	
   933                           
   934                           ;main.c: 73:         _delay((unsigned long)((1000)*(8000000/4000.0)));
   935  07C4  300B               	movlw	11
   936  07C5  00F1               	movwf	??_main+1
   937  07C6  3026               	movlw	38
   938  07C7  00F0               	movwf	??_main
   939  07C8  305E               	movlw	94
   940  07C9                     u37:	
   941  07C9  0B89               	decfsz	9,f
   942  07CA  2FC9               	goto	u37
   943  07CB  0BF0               	decfsz	??_main,f
   944  07CC  2FC9               	goto	u37
   945  07CD  0BF1               	decfsz	??_main+1,f
   946  07CE  2FC9               	goto	u37
   947  07CF  2FB8               	goto	l659
   948  07D0  3180  2802         	ljmp	start
   949  07D2                     __end_of_main:	
   950                           
   951                           	psect	text1
   952  07AB                     __ptext1:	
   953 ;; *************** function _SYSTEM_Initialize *****************
   954 ;; Defined at:
   955 ;;		line 50 in file "mcc_generated_files/mcc.c"
   956 ;; Parameters:    Size  Location     Type
   957 ;;		None
   958 ;; Auto vars:     Size  Location     Type
   959 ;;		None
   960 ;; Return value:  Size  Location     Type
   961 ;;                  1    wreg      void 
   962 ;; Registers used:
   963 ;;		wreg, status,2, status,0, pclath, cstack
   964 ;; Tracked objects:
   965 ;;		On entry : 0/0
   966 ;;		On exit  : 0/0
   967 ;;		Unchanged: 0/0
   968 ;; Data sizes:     COMMON   BANK0   BANK1   BANK2   BANK3   BANK4   BANK5   BANK6
   969 ;;      Params:         0       0       0       0       0       0       0       0
   970 ;;      Locals:         0       0       0       0       0       0       0       0
   971 ;;      Temps:          0       0       0       0       0       0       0       0
   972 ;;      Totals:         0       0       0       0       0       0       0       0
   973 ;;Total ram usage:        0 bytes
   974 ;; Hardware stack levels used:    1
   975 ;; Hardware stack levels required when called:    1
   976 ;; This function calls:
   977 ;;		_OSCILLATOR_Initialize
   978 ;;		_PIN_MANAGER_Initialize
   979 ;;		_WDT_Initialize
   980 ;; This function is called by:
   981 ;;		_main
   982 ;; This function uses a non-reentrant model
   983 ;;
   984                           
   985                           
   986                           ;psect for function _SYSTEM_Initialize
   987  07AB                     _SYSTEM_Initialize:	
   988  07AB                     l655:	
   989                           ;incstack = 0
   990                           ; Regs used in _SYSTEM_Initialize: [wreg+status,2+status,0+pclath+cstack]
   991                           
   992                           
   993                           ;mcc_generated_files/mcc.c: 53:     PIN_MANAGER_Initialize();
   994  07AB  3187  27D2  3187   	fcall	_PIN_MANAGER_Initialize
   995                           
   996                           ;mcc_generated_files/mcc.c: 54:     OSCILLATOR_Initialize();
   997  07AE  3187  27A3  3187   	fcall	_OSCILLATOR_Initialize
   998                           
   999                           ;mcc_generated_files/mcc.c: 55:     WDT_Initialize();
  1000  07B1  3187  279F  3187   	fcall	_WDT_Initialize
  1001  07B4                     l35:	
  1002  07B4  0008               	return
  1003  07B5                     __end_of_SYSTEM_Initialize:	
  1004                           
  1005                           	psect	text2
  1006  079F                     __ptext2:	
  1007 ;; *************** function _WDT_Initialize *****************
  1008 ;; Defined at:
  1009 ;;		line 70 in file "mcc_generated_files/mcc.c"
  1010 ;; Parameters:    Size  Location     Type
  1011 ;;		None
  1012 ;; Auto vars:     Size  Location     Type
  1013 ;;		None
  1014 ;; Return value:  Size  Location     Type
  1015 ;;                  1    wreg      void 
  1016 ;; Registers used:
  1017 ;;		wreg
  1018 ;; Tracked objects:
  1019 ;;		On entry : 0/0
  1020 ;;		On exit  : 0/0
  1021 ;;		Unchanged: 0/0
  1022 ;; Data sizes:     COMMON   BANK0   BANK1   BANK2   BANK3   BANK4   BANK5   BANK6
  1023 ;;      Params:         0       0       0       0       0       0       0       0
  1024 ;;      Locals:         0       0       0       0       0       0       0       0
  1025 ;;      Temps:          0       0       0       0       0       0       0       0
  1026 ;;      Totals:         0       0       0       0       0       0       0       0
  1027 ;;Total ram usage:        0 bytes
  1028 ;; Hardware stack levels used:    1
  1029 ;; This function calls:
  1030 ;;		Nothing
  1031 ;; This function is called by:
  1032 ;;		_SYSTEM_Initialize
  1033 ;; This function uses a non-reentrant model
  1034 ;;
  1035                           
  1036                           
  1037                           ;psect for function _WDT_Initialize
  1038  079F                     _WDT_Initialize:	
  1039  079F                     l653:	
  1040                           ;incstack = 0
  1041                           ; Regs used in _WDT_Initialize: [wreg]
  1042                           
  1043                           
  1044                           ;mcc_generated_files/mcc.c: 73:     WDTCON = 0x16;
  1045  079F  3016               	movlw	22
  1046  07A0  0021               	movlb	1	; select bank1
  1047  07A1  0097               	movwf	23	;volatile
  1048  07A2                     l41:	
  1049  07A2  0008               	return
  1050  07A3                     __end_of_WDT_Initialize:	
  1051                           
  1052                           	psect	text3
  1053  07D2                     __ptext3:	
  1054 ;; *************** function _PIN_MANAGER_Initialize *****************
  1055 ;; Defined at:
  1056 ;;		line 55 in file "mcc_generated_files/pin_manager.c"
  1057 ;; Parameters:    Size  Location     Type
  1058 ;;		None
  1059 ;; Auto vars:     Size  Location     Type
  1060 ;;		None
  1061 ;; Return value:  Size  Location     Type
  1062 ;;                  1    wreg      void 
  1063 ;; Registers used:
  1064 ;;		wreg, status,2
  1065 ;; Tracked objects:
  1066 ;;		On entry : 0/0
  1067 ;;		On exit  : 0/0
  1068 ;;		Unchanged: 0/0
  1069 ;; Data sizes:     COMMON   BANK0   BANK1   BANK2   BANK3   BANK4   BANK5   BANK6
  1070 ;;      Params:         0       0       0       0       0       0       0       0
  1071 ;;      Locals:         0       0       0       0       0       0       0       0
  1072 ;;      Temps:          0       0       0       0       0       0       0       0
  1073 ;;      Totals:         0       0       0       0       0       0       0       0
  1074 ;;Total ram usage:        0 bytes
  1075 ;; Hardware stack levels used:    1
  1076 ;; This function calls:
  1077 ;;		Nothing
  1078 ;; This function is called by:
  1079 ;;		_SYSTEM_Initialize
  1080 ;; This function uses a non-reentrant model
  1081 ;;
  1082                           
  1083                           
  1084                           ;psect for function _PIN_MANAGER_Initialize
  1085  07D2                     _PIN_MANAGER_Initialize:	
  1086  07D2                     l617:	
  1087                           ;incstack = 0
  1088                           ; Regs used in _PIN_MANAGER_Initialize: [wreg+status,2]
  1089                           
  1090                           
  1091                           ;mcc_generated_files/pin_manager.c: 60:     LATA = 0x00;
  1092  07D2  0022               	movlb	2	; select bank2
  1093  07D3  018C               	clrf	12	;volatile
  1094                           
  1095                           ;mcc_generated_files/pin_manager.c: 61:     LATB = 0x00;
  1096  07D4  018D               	clrf	13	;volatile
  1097                           
  1098                           ;mcc_generated_files/pin_manager.c: 62:     LATC = 0x00;
  1099  07D5  018E               	clrf	14	;volatile
  1100  07D6                     l619:	
  1101                           
  1102                           ;mcc_generated_files/pin_manager.c: 67:     TRISA = 0x36;
  1103  07D6  3036               	movlw	54
  1104  07D7  0021               	movlb	1	; select bank1
  1105  07D8  008C               	movwf	12	;volatile
  1106  07D9                     l621:	
  1107                           
  1108                           ;mcc_generated_files/pin_manager.c: 68:     TRISB = 0xF0;
  1109  07D9  30F0               	movlw	240
  1110  07DA  008D               	movwf	13	;volatile
  1111  07DB                     l623:	
  1112                           
  1113                           ;mcc_generated_files/pin_manager.c: 69:     TRISC = 0xFF;
  1114  07DB  30FF               	movlw	255
  1115  07DC  008E               	movwf	14	;volatile
  1116  07DD                     l625:	
  1117                           
  1118                           ;mcc_generated_files/pin_manager.c: 74:     ANSELC = 0xCF;
  1119  07DD  30CF               	movlw	207
  1120  07DE  0023               	movlb	3	; select bank3
  1121  07DF  008E               	movwf	14	;volatile
  1122  07E0                     l627:	
  1123                           
  1124                           ;mcc_generated_files/pin_manager.c: 75:     ANSELB = 0x30;
  1125  07E0  3030               	movlw	48
  1126  07E1  008D               	movwf	13	;volatile
  1127  07E2                     l629:	
  1128                           
  1129                           ;mcc_generated_files/pin_manager.c: 76:     ANSELA = 0x16;
  1130  07E2  3016               	movlw	22
  1131  07E3  008C               	movwf	12	;volatile
  1132                           
  1133                           ;mcc_generated_files/pin_manager.c: 81:     WPUB = 0x00;
  1134  07E4  0024               	movlb	4	; select bank4
  1135  07E5  018D               	clrf	13	;volatile
  1136                           
  1137                           ;mcc_generated_files/pin_manager.c: 82:     WPUA = 0x00;
  1138  07E6  018C               	clrf	12	;volatile
  1139                           
  1140                           ;mcc_generated_files/pin_manager.c: 83:     WPUC = 0x00;
  1141  07E7  018E               	clrf	14	;volatile
  1142  07E8                     l631:	
  1143                           
  1144                           ;mcc_generated_files/pin_manager.c: 84:     OPTION_REGbits.nWPUEN = 1;
  1145  07E8  0021               	movlb	1	; select bank1
  1146  07E9  1795               	bsf	21,7	;volatile
  1147                           
  1148                           ;mcc_generated_files/pin_manager.c: 89:     ODCONA = 0x00;
  1149  07EA  0025               	movlb	5	; select bank5
  1150  07EB  018C               	clrf	12	;volatile
  1151                           
  1152                           ;mcc_generated_files/pin_manager.c: 90:     ODCONB = 0x00;
  1153  07EC  018D               	clrf	13	;volatile
  1154                           
  1155                           ;mcc_generated_files/pin_manager.c: 91:     ODCONC = 0x00;
  1156  07ED  018E               	clrf	14	;volatile
  1157  07EE                     l633:	
  1158                           
  1159                           ;mcc_generated_files/pin_manager.c: 96:     SLRCONA = 0x37;
  1160  07EE  3037               	movlw	55
  1161  07EF  0026               	movlb	6	; select bank6
  1162  07F0  008C               	movwf	12	;volatile
  1163  07F1                     l635:	
  1164                           
  1165                           ;mcc_generated_files/pin_manager.c: 97:     SLRCONB = 0xF0;
  1166  07F1  30F0               	movlw	240
  1167  07F2  008D               	movwf	13	;volatile
  1168  07F3                     l637:	
  1169                           
  1170                           ;mcc_generated_files/pin_manager.c: 98:     SLRCONC = 0xFF;
  1171  07F3  30FF               	movlw	255
  1172  07F4  008E               	movwf	14	;volatile
  1173  07F5                     l639:	
  1174                           
  1175                           ;mcc_generated_files/pin_manager.c: 103:     INLVLA = 0x3F;
  1176  07F5  303F               	movlw	63
  1177  07F6  0027               	movlb	7	; select bank7
  1178  07F7  008C               	movwf	12	;volatile
  1179  07F8                     l641:	
  1180                           
  1181                           ;mcc_generated_files/pin_manager.c: 104:     INLVLB = 0xF0;
  1182  07F8  30F0               	movlw	240
  1183  07F9  008D               	movwf	13	;volatile
  1184  07FA                     l643:	
  1185                           
  1186                           ;mcc_generated_files/pin_manager.c: 105:     INLVLC = 0xFF;
  1187  07FA  30FF               	movlw	255
  1188  07FB  008E               	movwf	14	;volatile
  1189  07FC                     l88:	
  1190  07FC  0008               	return
  1191  07FD                     __end_of_PIN_MANAGER_Initialize:	
  1192                           
  1193                           	psect	text4
  1194  07A3                     __ptext4:	
  1195 ;; *************** function _OSCILLATOR_Initialize *****************
  1196 ;; Defined at:
  1197 ;;		line 58 in file "mcc_generated_files/mcc.c"
  1198 ;; Parameters:    Size  Location     Type
  1199 ;;		None
  1200 ;; Auto vars:     Size  Location     Type
  1201 ;;		None
  1202 ;; Return value:  Size  Location     Type
  1203 ;;                  1    wreg      void 
  1204 ;; Registers used:
  1205 ;;		wreg, status,2
  1206 ;; Tracked objects:
  1207 ;;		On entry : 0/0
  1208 ;;		On exit  : 0/0
  1209 ;;		Unchanged: 0/0
  1210 ;; Data sizes:     COMMON   BANK0   BANK1   BANK2   BANK3   BANK4   BANK5   BANK6
  1211 ;;      Params:         0       0       0       0       0       0       0       0
  1212 ;;      Locals:         0       0       0       0       0       0       0       0
  1213 ;;      Temps:          0       0       0       0       0       0       0       0
  1214 ;;      Totals:         0       0       0       0       0       0       0       0
  1215 ;;Total ram usage:        0 bytes
  1216 ;; Hardware stack levels used:    1
  1217 ;; This function calls:
  1218 ;;		Nothing
  1219 ;; This function is called by:
  1220 ;;		_SYSTEM_Initialize
  1221 ;; This function uses a non-reentrant model
  1222 ;;
  1223                           
  1224                           
  1225                           ;psect for function _OSCILLATOR_Initialize
  1226  07A3                     _OSCILLATOR_Initialize:	
  1227  07A3                     l645:	
  1228                           ;incstack = 0
  1229                           ; Regs used in _OSCILLATOR_Initialize: [wreg+status,2]
  1230                           
  1231                           
  1232                           ;mcc_generated_files/mcc.c: 61:     OSCCON = 0x70;
  1233  07A3  3070               	movlw	112
  1234  07A4  0021               	movlb	1	; select bank1
  1235  07A5  0099               	movwf	25	;volatile
  1236  07A6                     l647:	
  1237                           
  1238                           ;mcc_generated_files/mcc.c: 63:     OSCSTAT = 0x00;
  1239  07A6  019A               	clrf	26	;volatile
  1240  07A7                     l649:	
  1241                           
  1242                           ;mcc_generated_files/mcc.c: 65:     OSCTUNE = 0x00;
  1243  07A7  0198               	clrf	24	;volatile
  1244  07A8                     l651:	
  1245                           
  1246                           ;mcc_generated_files/mcc.c: 67:     BORCON = 0x00;
  1247  07A8  0022               	movlb	2	; select bank2
  1248  07A9  0196               	clrf	22	;volatile
  1249  07AA                     l38:	
  1250  07AA  0008               	return
  1251  07AB                     __end_of_OSCILLATOR_Initialize:	
  1252  007E                     btemp	set	126	;btemp
  1253  007E                     wtemp0	set	126


Data Sizes:
    Strings     0
    Constant    0
    Data        0
    BSS         0
    Persistent  32
    Stack       0

Auto Spaces:
    Space          Size  Autos    Used
    COMMON           14      2       2
    BANK0            80      0       0
    BANK1            80      0       0
    BANK2            80      0       0
    BANK3            80      0       0
    BANK4            80      0       0
    BANK5            80      0       0
    BANK6            16      0       0

Pointer List with Targets:

    None.

Critical Paths under _main in COMMON

    None.

Critical Paths under _main in BANK0

    None.

Critical Paths under _main in BANK1

    None.

Critical Paths under _main in BANK2

    None.

Critical Paths under _main in BANK3

    None.

Critical Paths under _main in BANK4

    None.

Critical Paths under _main in BANK5

    None.

Critical Paths under _main in BANK6

    None.

Call Graph Tables:

 ---------------------------------------------------------------------------------
 (Depth) Function   	        Calls       Base Space   Used Autos Params    Refs
 ---------------------------------------------------------------------------------
 (0) _main                                                 2     2      0       0
                                              0 COMMON     2     2      0
                  _SYSTEM_Initialize
 ---------------------------------------------------------------------------------
 (1) _SYSTEM_Initialize                                    0     0      0       0
              _OSCILLATOR_Initialize
             _PIN_MANAGER_Initialize
                     _WDT_Initialize
 ---------------------------------------------------------------------------------
 (2) _WDT_Initialize                                       0     0      0       0
 ---------------------------------------------------------------------------------
 (2) _PIN_MANAGER_Initialize                               0     0      0       0
 ---------------------------------------------------------------------------------
 (2) _OSCILLATOR_Initialize                                0     0      0       0
 ---------------------------------------------------------------------------------
 Estimated maximum stack depth 2
 ---------------------------------------------------------------------------------

 Call Graph Graphs:

 _main (ROOT)
   _SYSTEM_Initialize
     _OSCILLATOR_Initialize
     _PIN_MANAGER_Initialize
     _WDT_Initialize

 Address spaces:
Name               Size   Autos  Total    Cost      Usage
BIGRAM             1F0      0       0       0        0.0%
NULL                 0      0       0       0        0.0%
CODE                 0      0       0       0        0.0%
BITCOMMON            E      0       0       1        0.0%
BITSFR0              0      0       0       1        0.0%
SFR0                 0      0       0       1        0.0%
COMMON               E      2       2       2       14.3%
BITSFR1              0      0       0       2        0.0%
SFR1                 0      0       0       2        0.0%
BITSFR2              0      0       0       3        0.0%
SFR2                 0      0       0       3        0.0%
STACK                0      0       0       3        0.0%
BITSFR3              0      0       0       4        0.0%
SFR3                 0      0       0       4        0.0%
ABS                  0      0       0       4        0.0%
BITBANK0            50      0       0       5        0.0%
BITSFR4              0      0       0       5        0.0%
SFR4                 0      0       0       5        0.0%
BANK0               50      0       0       6        0.0%
BITSFR5              0      0       0       6        0.0%
SFR5                 0      0       0       6        0.0%
BITBANK1            50      0       0       7        0.0%
BITSFR6              0      0       0       7        0.0%
SFR6                 0      0       0       7        0.0%
BANK1               50      0       0       8        0.0%
BITSFR7              0      0       0       8        0.0%
SFR7                 0      0       0       8        0.0%
BITBANK2            50      0       0       9        0.0%
BITSFR8              0      0       0       9        0.0%
SFR8                 0      0       0       9        0.0%
BANK2               50      0       0      10        0.0%
BITSFR9              0      0       0      10        0.0%
SFR9                 0      0       0      10        0.0%
BITBANK3            50      0       0      11        0.0%
BITSFR10             0      0       0      11        0.0%
SFR10                0      0       0      11        0.0%
BANK3               50      0       0      12        0.0%
BITSFR11             0      0       0      12        0.0%
SFR11                0      0       0      12        0.0%
BITBANK4            50      0       0      13        0.0%
BITSFR12             0      0       0      13        0.0%
SFR12                0      0       0      13        0.0%
BANK4               50      0       0      14        0.0%
BITSFR13             0      0       0      14        0.0%
SFR13                0      0       0      14        0.0%
BITBANK5            50      0       0      15        0.0%
BITSFR14             0      0       0      15        0.0%
SFR14                0      0       0      15        0.0%
BANK5               50      0       0      16        0.0%
BITSFR15             0      0       0      16        0.0%
SFR15                0      0       0      16        0.0%
BITBANK6            10      0       0      17        0.0%
BITSFR16             0      0       0      17        0.0%
SFR16                0      0       0      17        0.0%
BANK6               10      0       0      18        0.0%
BITSFR17             0      0       0      18        0.0%
SFR17                0      0       0      18        0.0%
BITSFR18             0      0       0      19        0.0%
SFR18                0      0       0      19        0.0%
DATA                 0      0       0      19        0.0%
BITSFR19             0      0       0      20        0.0%
SFR19                0      0       0      20        0.0%
BITSFR20             0      0       0      21        0.0%
SFR20                0      0       0      21        0.0%
BITSFR21             0      0       0      22        0.0%
SFR21                0      0       0      22        0.0%
BITSFR22             0      0       0      23        0.0%
SFR22                0      0       0      23        0.0%
BITSFR23             0      0       0      24        0.0%
SFR23                0      0       0      24        0.0%
BITSFR24             0      0       0      25        0.0%
SFR24                0      0       0      25        0.0%
BITSFR25             0      0       0      26        0.0%
SFR25                0      0       0      26        0.0%
BITSFR26             0      0       0      27        0.0%
SFR26                0      0       0      27        0.0%
BITSFR27             0      0       0      28        0.0%
SFR27                0      0       0      28        0.0%
BITSFR28             0      0       0      29        0.0%
SFR28                0      0       0      29        0.0%
BITSFR29             0      0       0      30        0.0%
SFR29                0      0       0      30        0.0%
BITSFR30             0      0       0      31        0.0%
SFR30                0      0       0      31        0.0%
BITSFR31             0      0       0      32        0.0%
SFR31                0      0       0      32        0.0%


Microchip Technology PIC Macro Assembler V2.10 build 88905656 
Symbol Table                                                                                   Thu Mar 19 15:28:53 2020

                    __CFG_CP$OFF 0000                               l41 07A2                               l35 07B4  
                             l38 07AA                               l88 07FC                               u10 07C2  
                             u11 07BF                               u24 07C4                               u37 07C9  
                    __CFG_LVP$ON 0000                              l621 07D9                              l631 07E8  
                            l623 07DB                              l641 07F8                              l633 07EE  
                            l625 07DD                              l617 07D2                              l651 07A8  
                            l643 07FA                              l635 07F1                              l627 07E0  
                            l619 07D6                              l645 07A3                              l637 07F3  
                            l629 07E2                              l653 079F                              l661 07C4  
                            l647 07A6                              l639 07F5                              l655 07AB  
                            l649 07A7                              l657 07B5                              l659 07B8  
                   __CFG_BORV$LO 0000                              wreg 0009                     __CFG_IESO$ON 0000  
                           _LATA 010C                             _LATB 010D                             _LATC 010E  
                           _WPUA 020C                             _WPUB 020D                             _WPUC 020E  
                   __CFG_WRT$OFF 0000                    __CFG_FCMEN$ON 0000                             _main 07B5  
                           btemp 007E                    __CFG_BOREN$ON 0000                             start 0002  
                  __CFG_MCLRE$ON 0000   __size_of_OSCILLATOR_Initialize 0008    __end_of_OSCILLATOR_Initialize 07AB  
                          ?_main 0070                    __CFG_WDTE$OFF 0000                            _TRISA 008C  
                          _TRISB 008D                            _TRISC 008E                   _WDT_Initialize 079F  
                          status 0003                            wtemp0 007E                  __initialization 07FD  
                   __end_of_main 07D2                   __CFG_LPBOR$OFF 0000                           ??_main 0070  
                 __CFG_PLLEN$OFF 0000           __end_of_WDT_Initialize 07A3                   __CFG_ZCDDIS$ON 0000  
                         _ANSELA 018C                           _ANSELB 018D                           _ANSELC 018E  
                         _BORCON 0116                           _ODCONA 028C                           _ODCONB 028D  
                         _ODCONC 028E                           _INLVLA 038C                           _INLVLB 038D  
                         _INLVLC 038E                           _OSCCON 0099                           _WDTCON 0097  
                 __CFG_PWRTE$OFF 0000                   __CFG_STVREN$ON 0000                  ?_WDT_Initialize 0070  
              _SYSTEM_Initialize 07AB          __end_of__initialization 07FD               ?_SYSTEM_Initialize 0070  
                 __pcstackCOMMON 0070              ??_SYSTEM_Initialize 0070                   _OPTION_REGbits 0095  
      __end_of_SYSTEM_Initialize 07B5                       __pmaintext 07B5                  __CFG_PPS1WAY$ON 0000  
                        _OSCSTAT 009A                          _OSCTUNE 0098                          _SLRCONA 030C  
                        _SLRCONB 030D                          _SLRCONC 030E                          __ptext1 07AB  
                        __ptext2 079F                          __ptext3 07D2                          __ptext4 07A3  
          _OSCILLATOR_Initialize 07A3         ??_PIN_MANAGER_Initialize 0070       __size_of_SYSTEM_Initialize 000A  
           end_of_initialization 07FD                 ??_WDT_Initialize 0070                 __CFG_FOSC$INTOSC 0000  
         ?_OSCILLATOR_Initialize 0070              start_initialization 07FD  __size_of_PIN_MANAGER_Initialize 002B  
                      ___latbits 0001           _PIN_MANAGER_Initialize 07D2                         _LATAbits 010C  
        ??_OSCILLATOR_Initialize 0070                    __size_of_main 001D          __size_of_WDT_Initialize 0004  
        ?_PIN_MANAGER_Initialize 0070                __CFG_CLKOUTEN$OFF 0000   __end_of_PIN_MANAGER_Initialize 07FD  
